<?xml version="1.0" encoding="UTF-8"?>
<!-- Generated by org.testng.reporters.JUnitReportReporter -->
<testsuite skipped="0" hostname="DESKTOP-VTBT3RG" name="TestCase.SampleTestCase" tests="7" failures="0" timestamp="2023-07-05T08:54:13 IST" time="91.471" errors="1">
  <testcase name="ValidFlightSearch" time="12.708" classname="TestCase.SampleTestCase"/>
  <system-out/>
  <testcase name="ValidFlightSearch" time="10.499" classname="TestCase.SampleTestCase"/>
  <system-out/>
  <testcase name="TearDown" time="0.156" classname="TestCase.SampleTestCase">
    <error type="java.lang.NullPointerException">
      <![CDATA[java.lang.NullPointerException
at TestCase.SampleTestCase.TearDown(SampleTestCase.java:95)
at sun.reflect.NativeMethodAccessorImpl.invoke0(Native Method)
at sun.reflect.NativeMethodAccessorImpl.invoke(NativeMethodAccessorImpl.java:62)
at sun.reflect.DelegatingMethodAccessorImpl.invoke(DelegatingMethodAccessorImpl.java:43)
at java.lang.reflect.Method.invoke(Method.java:498)
at org.testng.internal.MethodInvocationHelper.invokeMethod(MethodInvocationHelper.java:133)
at org.testng.internal.MethodInvocationHelper.invokeMethodConsideringTimeout(MethodInvocationHelper.java:62)
at org.testng.internal.ConfigInvoker.invokeConfigurationMethod(ConfigInvoker.java:385)
at org.testng.internal.ConfigInvoker.invokeConfigurations(ConfigInvoker.java:321)
at org.testng.SuiteRunner.privateRun(SuiteRunner.java:344)
at org.testng.SuiteRunner.run(SuiteRunner.java:276)
at org.testng.SuiteRunnerWorker.runSuite(SuiteRunnerWorker.java:53)
at org.testng.SuiteRunnerWorker.run(SuiteRunnerWorker.java:96)
at org.testng.TestNG.runSuitesSequentially(TestNG.java:1212)
at org.testng.TestNG.runSuitesLocally(TestNG.java:1134)
at org.testng.TestNG.runSuites(TestNG.java:1063)
at org.testng.TestNG.run(TestNG.java:1031)
at org.testng.remote.AbstractRemoteTestNG.run(AbstractRemoteTestNG.java:115)
at org.testng.remote.RemoteTestNG.initAndRun(RemoteTestNG.java:251)
at org.testng.remote.RemoteTestNG.main(RemoteTestNG.java:77)
]]>
    </error>
  </testcase> <!-- TearDown -->
  <system-out/>
  <testcase name="ValidFlightSearch" time="12.468" classname="TestCase.SampleTestCase"/>
  <system-out/>
  <testcase name="ValidFlightSearch" time="28.877" classname="TestCase.SampleTestCase"/>
  <system-out/>
  <testcase name="ValidFlightSearch" time="12.793" classname="TestCase.SampleTestCase"/>
  <system-out/>
  <testcase name="ValidFlightSearch" time="13.970" classname="TestCase.SampleTestCase"/>
  <system-out/>
</testsuite> <!-- TestCase.SampleTestCase -->
