<?xml version="1.0" encoding="UTF-8"?>
<!-- Generated by org.testng.reporters.JUnitReportReporter -->
<testsuite skipped="0" hostname="DESKTOP-VTBT3RG" name="TestNgConcepts.TestNGFirstclass" tests="4" failures="0" timestamp="2023-06-01T08:28:04 IST" time="0.008" errors="0">
  <testcase name="Testcase2" time="0.000" classname="TestNgConcepts.TestNGFirstclass"/>
  <system-out/>
  <testcase name="Testcase4" time="0.005" classname="TestNgConcepts.TestNGFirstclass"/>
  <system-out/>
  <testcase name="Testcase1" time="0.002" classname="TestNgConcepts.TestNGFirstclass"/>
  <system-out/>
  <testcase name="Testcase3" time="0.001" classname="TestNgConcepts.TestNGFirstclass"/>
  <system-out/>
</testsuite> <!-- TestNgConcepts.TestNGFirstclass -->
