<?xml version="1.0" encoding="UTF-8"?>
<!-- Generated by org.testng.reporters.JUnitReportReporter -->
<testsuite skipped="0" hostname="DESKTOP-VTBT3RG" name="TestCase.SampleTestCase" tests="6" failures="0" timestamp="2023-07-03T09:20:36 IST" time="62.882" errors="0">
  <testcase name="ValidFlightSearch" time="9.801" classname="TestCase.SampleTestCase"/>
  <system-out/>
  <testcase name="ValidFlightSearch" time="9.889" classname="TestCase.SampleTestCase"/>
  <system-out/>
  <testcase name="ValidFlightSearch" time="8.138" classname="TestCase.SampleTestCase"/>
  <system-out/>
  <testcase name="ValidFlightSearch" time="12.345" classname="TestCase.SampleTestCase"/>
  <system-out/>
  <testcase name="ValidFlightSearch" time="14.997" classname="TestCase.SampleTestCase"/>
  <system-out/>
  <testcase name="ValidFlightSearch" time="7.712" classname="TestCase.SampleTestCase"/>
  <system-out/>
</testsuite> <!-- TestCase.SampleTestCase -->
