<?xml version="1.0" encoding="UTF-8"?>
<!-- Generated by org.testng.reporters.JUnitReportReporter -->
<testsuite skipped="0" hostname="DESKTOP-VTBT3RG" name="TestNgAnnotation.Firstclass" tests="3" failures="0" timestamp="2023-06-21T09:31:22 IST" time="0.012" errors="0">
  <testcase name="Testcase2" time="0.005" classname="TestNgAnnotation.Firstclass"/>
  <system-out/>
  <testcase name="Testcase1" time="0.005" classname="TestNgAnnotation.Firstclass"/>
  <system-out/>
  <testcase name="Testcase3" time="0.002" classname="TestNgAnnotation.Firstclass"/>
  <system-out/>
</testsuite> <!-- TestNgAnnotation.Firstclass -->
