<?xml version="1.0" encoding="UTF-8"?>
<!-- Generated by org.testng.reporters.JUnitReportReporter -->
<testsuite skipped="0" hostname="DESKTOP-VTBT3RG" name="TestCase.SampleTestCase" tests="3" failures="0" timestamp="2023-06-28T09:47:31 IST" time="27.362" errors="0">
  <testcase name="ValidFlightSearch" time="8.959" classname="TestCase.SampleTestCase"/>
  <system-out/>
  <testcase name="ValidFlightSearch" time="7.586" classname="TestCase.SampleTestCase"/>
  <system-out/>
  <testcase name="ValidFlightSearch" time="10.817" classname="TestCase.SampleTestCase"/>
  <system-out/>
</testsuite> <!-- TestCase.SampleTestCase -->
