<?xml version="1.0" encoding="UTF-8"?>
<!-- Generated by org.testng.reporters.JUnitReportReporter -->
<testsuite skipped="0" hostname="DESKTOP-VTBT3RG" name="TestNgAnnotation.Firstclass" tests="2" failures="0" timestamp="2023-06-22T09:08:02 IST" time="0.005" errors="0">
  <testcase name="Testcase3" time="0.003" classname="TestNgAnnotation.Firstclass"/>
  <system-out/>
  <testcase name="Testcase1" time="0.002" classname="TestNgAnnotation.Firstclass"/>
  <system-out/>
</testsuite> <!-- TestNgAnnotation.Firstclass -->
