<?xml version="1.0" encoding="UTF-8"?>
<!-- Generated by org.testng.reporters.JUnitReportReporter -->
<testsuite skipped="0" hostname="DESKTOP-VTBT3RG" name="TestNgAnnotation.SecondClass" tests="1" failures="0" timestamp="2023-06-21T09:31:22 IST" time="0.001" errors="0">
  <testcase name="TestcaseinSecondclass" time="0.001" classname="TestNgAnnotation.SecondClass"/>
  <system-out/>
</testsuite> <!-- TestNgAnnotation.SecondClass -->
