<?xml version="1.0" encoding="UTF-8"?>
<!-- Generated by org.testng.reporters.JUnitReportReporter -->
<testsuite skipped="0" hostname="DESKTOP-VTBT3RG" name="TestCase.SampleTestCase" tests="1" failures="0" timestamp="2023-06-26T09:11:27 IST" time="0.004" errors="0">
  <testcase name="FirstTestCase" time="0.004" classname="TestCase.SampleTestCase"/>
  <system-out/>
</testsuite> <!-- TestCase.SampleTestCase -->
