<?xml version="1.0" encoding="UTF-8"?>
<!-- Generated by org.testng.reporters.JUnitReportReporter -->
<testsuite skipped="0" hostname="DESKTOP-VTBT3RG" name="TestCase.SampleTestCase" tests="3" failures="0" timestamp="2023-06-29T09:14:12 IST" time="42.255" errors="0">
  <testcase name="ValidFlightSearch" time="12.782" classname="TestCase.SampleTestCase"/>
  <system-out/>
  <testcase name="ValidFlightSearch" time="17.717" classname="TestCase.SampleTestCase"/>
  <system-out/>
  <testcase name="ValidFlightSearch" time="11.756" classname="TestCase.SampleTestCase"/>
  <system-out/>
</testsuite> <!-- TestCase.SampleTestCase -->
